<?xml version="1.0" encoding="UTF-8"?>
<testsuite name="com.mrp.sml.domain.model.TransferModelTest" tests="4" skipped="0" failures="0" errors="0" timestamp="2026-06-10T08:27:31" hostname="codespaces-b1dea3" time="0.02">
  <properties/>
  <testcase name="completedAt_setOnCompletion" classname="com.mrp.sml.domain.model.TransferModelTest" time="0.004"/>
  <testcase name="transferStatus_enumValues" classname="com.mrp.sml.domain.model.TransferModelTest" time="0.014"/>
  <testcase name="transferDirection_enumValues" classname="com.mrp.sml.domain.model.TransferModelTest" time="0.0"/>
  <testcase name="createTransferModel_defaultValues" classname="com.mrp.sml.domain.model.TransferModelTest" time="0.001"/>
  <system-out><![CDATA[]]></system-out>
  <system-err><![CDATA[]]></system-err>
</testsuite>
