<?xml version="1.0" encoding="UTF-8"?>
<testsuite name="com.mrp.sml.domain.usecase.SendFileUseCaseTest" tests="2" skipped="0" failures="0" errors="0" timestamp="2026-06-10T08:27:31" hostname="codespaces-b1dea3" time="0.004">
  <properties/>
  <testcase name="invoke_blankAddress_throwsException" classname="com.mrp.sml.domain.usecase.SendFileUseCaseTest" time="0.002"/>
  <testcase name="invoke_emptyFileList_throwsException" classname="com.mrp.sml.domain.usecase.SendFileUseCaseTest" time="0.001"/>
  <system-out><![CDATA[]]></system-out>
  <system-err><![CDATA[]]></system-err>
</testsuite>
